<?xml version="1.0" encoding="UTF-8"?>
<!-- Generated by org.testng.reporters.JUnitXMLReporter -->
<testsuite hostname="BDC4-D-1SS0N62" ignored="0" name="Test1" tests="5" failures="0" timestamp="08 Feb 2019 09:10:42 GMT" time="1.468" errors="0">
  <testcase name="@BeforeTest beforeTest" time="0.288" classname="Test.Shopping2.MegaShop">
    <failure type="java.lang.IllegalStateException" message="The path to the driver executable must be set by the webdriver.ie.driver system property; for more information, see https://github.com/SeleniumHQ/selenium/wiki/InternetExplorerDriver. The latest version can be downloaded from http://selenium-release.storage.googleapis.com/index.html">
      <![CDATA[java.lang.IllegalStateException: The path to the driver executable must be set by the webdriver.ie.driver system property; for more information, see https://github.com/SeleniumHQ/selenium/wiki/InternetExplorerDriver. The latest version can be downloaded from http://selenium-release.storage.googleapis.com/index.html
at com.google.common.base.Preconditions.checkState(Preconditions.java:847)
at org.openqa.selenium.remote.service.DriverService.findExecutable(DriverService.java:134)
at org.openqa.selenium.ie.InternetExplorerDriverService.access$000(InternetExplorerDriverService.java:35)
at org.openqa.selenium.ie.InternetExplorerDriverService$Builder.findDefaultExecutable(InternetExplorerDriverService.java:175)
at org.openqa.selenium.remote.service.DriverService$Builder.build(DriverService.java:355)
at org.openqa.selenium.ie.InternetExplorerDriver.setupService(InternetExplorerDriver.java:281)
at org.openqa.selenium.ie.InternetExplorerDriver.<init>(InternetExplorerDriver.java:211)
at org.openqa.selenium.ie.InternetExplorerDriver.<init>(InternetExplorerDriver.java:150)
at Test.Shopping2.MegaShop.beforeTest(MegaShop.java:45)
at java.util.concurrent.FutureTask.run(Unknown Source)
at java.util.concurrent.ThreadPoolExecutor.runWorker(Unknown Source)
at java.util.concurrent.ThreadPoolExecutor$Worker.run(Unknown Source)
at java.lang.Thread.run(Unknown Source)
... Removed 15 stack frames]]>
    </failure>
  </testcase> <!-- @BeforeTest beforeTest -->
  <testcase name="@AfterTest afterTest" time="0.0" classname="Test.Shopping2.MegaShop">
    <skipped/>
  </testcase> <!-- @AfterTest afterTest -->
  <testcase name="testDemoWebShopLogin" time="0.0" classname="Test.Shopping2.MegaShop">
    <skipped/>
  </testcase> <!-- testDemoWebShopLogin -->
  <testcase name="testDemoWebShopLogin" time="0.0" classname="Test.Shopping2.MegaShop">
    <skipped/>
  </testcase> <!-- testDemoWebShopLogin -->
  <testcase name="testDemoWebShopLogin" time="0.0" classname="Test.Shopping2.MegaShop">
    <skipped/>
  </testcase> <!-- testDemoWebShopLogin -->
  <testcase name="testDemoWebShopLogin" time="0.0" classname="Test.Shopping2.MegaShop">
    <skipped/>
  </testcase> <!-- testDemoWebShopLogin -->
  <testcase name="testDemoWebShopLogin" time="0.0" classname="Test.Shopping2.MegaShop">
    <skipped/>
  </testcase> <!-- testDemoWebShopLogin -->
</testsuite> <!-- Test1 -->
